4776
199 249 196 247
195 249 193 247
192 249 190 247
187 249 184 247
183 249 181 247
180 249 178 247
177 249 175 247
174 249 172 247
171 249 168 247
167 249 164 247
163 249 161 247
160 249 158 247
157 249 154 247
153 249 150 247
149 249 146 247
145 249 142 247
141 249 138 247
136 249 133 247
132 249 130 247
129 249 126 247
124 249 121 247
120 249 118 247
117 249 115 247
114 249 112 247
107 249 104 247
103 249 101 247
100 249 97 247
96 249 93 247
92 249 90 247
89 249 86 247
85 249 83 247
82 249 79 247
78 249 75 247
74 249 72 247
71 249 69 247
68 249 66 247
65 249 63 247
62 249 59 247
58 249 56 247
55 249 53 247
52 249 50 247
49 249 46 247
45 249 42 247
41 249 39 247
38 249 36 247
35 249 32 247
29 249 26 247
24 249 21 247
20 249 18 247
17 249 15 247
14 249 11 247
7 249 4 247
3 249 0 247
189 249 188 244
111 249 109 246
108 249 108 240
31 248 30 243
25 249 25 238
10 248 8 245
199 246 197 244
196 246 194 244
193 246 191 244
190 246 190 236
187 246 184 244
183 246 181 244
178 246 175 244
174 246 172 244
171 246 169 244
168 246 165 244
164 246 162 244
161 246 158 244
157 246 154 244
153 246 150 244
147 246 144 244
143 246 140 244
136 246 133 244
132 246 129 244
128 246 126 244
125 246 123 244
122 246 119 244
118 246 116 244
115 246 113 244
112 246 112 238
107 246 105 244
104 246 101 244
100 246 98 244
97 246 95 244
94 246 91 244
90 246 87 244
85 246 82 244
81 246 78 244
77 246 75 244
74 246 72 244
71 246 69 244
68 246 66 244
65 246 63 244
62 246 60 244
59 246 56 244
55 246 52 244
51 246 49 244
48 246 45 244
44 246 42 244
41 246 39 244
38 246 35 244
34 246 32 244
29 246 26 244
24 246 22 244
21 246 18 244
17 246 14 244
12 246 11 241
7 246 4 244
3 246 1 244
0 246 0 237
180 246 179 241
149 245 148 240
111 245 109 243
86 246 86 238
13 246 13 235
10 244 8 242
199 243 196 241
195 243 193 241
192 243 191 239
189 243 186 241
185 243 183 241
182 243 181 240
178 243 176 241
175 243 173 241
172 243 170 241
169 243 167 241
166 243 163 241
162 243 160 241
158 243 155 241
154 243 151 241
147 243 145 241
144 243 141 241
140 243 138 241
137 243 135 241
134 243 132 241
131 243 129 241
128 243 125 241
124 243 122 241
121 243 119 241
117 243 114 241
113 243 113 236
107 243 105 241
104 243 101 241
100 243 98 241
97 243 94 241
93 243 90 241
89 243 87 241
85 243 83 241
82 243 79 241
78 243 76 241
75 243 73 241
72 243 69 241
68 243 66 241
65 243 63 241
62 243 60 241
59 243 57 241
56 243 54 241
53 243 51 241
49 243 46 241
45 243 43 240
42 243 40 241
39 243 37 241
36 243 34 241
33 243 32 239
29 243 26 241
24 243 22 241
21 243 18 241
17 243 15 241
14 243 14 233
7 243 5 241
2 243 1 239
159 243 159 234
118 243 118 235
111 242 109 240
50 243 50 235
31 242 30 239
3 243 3 234
10 241 8 238
4 243 4 232
199 240 196 238
195 240 193 237
189 240 186 238
185 240 183 237
180 240 178 238
177 240 175 238
173 240 170 238
169 240 167 238
166 240 163 238
162 240 160 238
156 240 153 238
152 240 150 237
147 240 144 238
143 240 140 238
139 240 137 238
136 240 133 238
132 240 130 238
129 240 127 238
126 240 123 238
122 240 120 238
119 240 119 230
117 240 114 238
107 240 105 238
104 240 101 238
99 240 96 238
94 240 91 238
90 240 88 238
87 240 87 232
85 240 83 238
82 240 79 238
76 240 73 238
72 240 69 238
66 240 63 238
62 240 60 238
59 240 56 238
51 240 51 229
49 240 46 238
42 240 39 238
38 240 35 238
34 240 34 232
29 240 27 238
26 240 26 232
24 240 22 238
21 240 18 238
17 240 15 238
12 240 11 236
6 240 5 235
182 239 181 234
149 239 148 235
109 239 108 235
100 240 100 232
95 240 95 232
78 240 77 236
68 240 67 235
53 239 52 234
44 239 43 234
7 240 7 232
192 238 191 233
174 238 174 227
158 238 157 233
54 238 54 227
45 239 45 230
33 238 31 236
30 238 30 229
2 238 1 235
198 237 196 234
189 237 187 235
186 237 186 227
180 237 178 235
177 237 175 235
173 237 171 235
170 237 167 235
166 237 163 235
161 237 160 233
156 237 153 235
147 237 145 235
144 237 141 235
138 237 135 235
132 237 129 235
128 237 125 235
124 237 122 235
121 237 120 232
117 237 114 235
112 237 110 234
107 237 104 235
103 237 101 235
99 237 97 235
96 237 96 228
94 237 91 235
90 237 88 235
86 237 84 235
82 237 79 235
76 237 73 235
72 237 69 235
62 237 59 235
58 237 55 235
49 237 46 235
42 237 39 235
38 237 35 235
27 237 27 228
25 237 22 235
20 237 17 235
16 237 15 232
10 237 8 234
199 237 199 229
195 236 193 233
185 236 183 234
152 236 150 233
140 237 139 232
134 237 133 233
83 237 83 229
66 236 63 234
29 236 28 231
21 237 21 229
0 236 0 229
190 235 190 226
113 235 113 228
78 235 77 230
33 235 31 232
12 235 11 231
188 234 187 229
180 234 177 232
176 234 175 231
173 234 171 232
166 234 163 232
162 234 162 223
156 234 153 232
149 234 147 232
146 234 143 232
142 234 141 230
138 234 135 232
132 234 130 231
129 234 127 232
126 234 124 232
122 234 122 224
118 234 116 232
115 234 114 229
109 234 106 232
105 234 103 232
102 234 101 230
99 234 97 231
94 234 92 232
91 234 89 232
88 234 88 226
86 234 84 231
82 234 80 232
79 234 79 225
76 234 74 232
70 234 67 232
62 234 59 232
58 234 55 232
50 234 48 232
47 234 46 230
42 234 39 232
38 234 36 232
35 234 35 227
25 234 22 232
20 234 17 232
6 234 5 230
2 234 1 230
198 233 196 231
189 234 189 226
185 233 183 231
182 233 181 228
170 234 168 231
167 234 167 226
159 233 159 225
123 234 123 224
111 233 110 228
72 233 71 228
66 233 64 231
63 233 63 226
53 233 52 230
43 233 43 223
10 233 8 231
3 233 3 222
195 232 192 230
191 232 191 222
161 232 160 228
158 232 157 227
152 232 150 230
134 232 133 227
112 232 112 221
73 234 73 225
44 233 44 225
14 232 13 229
180 231 178 229
177 231 177 223
173 231 171 229
166 231 163 229
156 231 154 229
153 231 153 224
149 231 147 229
146 231 144 229
143 231 143 223
140 231 138 229
137 231 135 228
127 231 124 229
121 231 120 227
117 231 116 226
109 231 107 229
106 231 103 229
100 231 100 223
95 231 93 229
92 231 89 229
87 231 87 222
82 231 80 229
76 231 74 229
70 231 68 229
67 231 67 221
62 231 59 229
58 231 55 229
50 231 48 229
42 231 39 229
38 231 36 228
34 231 31 229
26 231 23 229
22 231 22 224
20 231 17 229
16 231 15 227
7 231 7 222
198 230 196 227
185 230 183 227
175 230 175 223
170 230 168 228
129 230 128 225
118 231 118 222
99 230 97 228
86 230 84 227
66 230 64 227
29 230 28 226
12 230 9 228
4 230 4 219
195 229 193 227
192 229 192 222
176 229 176 218
152 229 150 227
142 229 141 224
132 230 130 227
119 229 119 221
102 229 101 225
77 229 77 218
53 229 52 226
47 229 45 227
5 229 5 219
1 229 1 220
199 228 199 221
187 228 187 219
180 228 178 226
173 228 171 225
166 228 164 226
163 228 163 220
156 228 154 226
149 228 146 226
145 228 144 223
140 228 138 226
127 228 125 226
109 228 107 226
106 228 104 226
103 228 103 220
95 228 93 226
92 228 90 226
89 228 89 217
83 228 80 226
78 229 78 218
76 228 74 225
70 228 68 226
62 228 60 226
59 228 56 226
55 228 55 220
51 228 49 226
48 228 48 221
42 228 39 226
34 228 32 226
31 228 30 223
26 228 23 226
21 228 19 226
18 228 17 223
13 228 13 218
2 229 2 219
0 228 0 218
188 228 188 217
182 227 181 223
169 227 168 223
161 227 160 224
136 227 135 222
124 227 124 216
115 227 113 225
111 227 110 224
99 227 97 225
96 227 96 220
72 227 71 223
27 227 27 220
12 227 9 225
198 226 196 224
195 226 193 223
186 226 183 224
174 226 174 217
158 226 157 223
152 226 150 223
137 227 137 219
134 226 132 224
131 226 130 221
121 226 120 223
84 226 84 215
66 226 64 224
47 226 45 224
36 226 35 221
16 226 14 224
190 225 189 220
180 225 178 223
167 225 165 223
164 225 164 217
156 225 154 223
149 225 147 223
146 225 146 217
140 225 138 223
127 225 125 223
116 225 116 215
109 225 107 223
106 225 104 222
95 225 92 223
88 225 88 216
85 226 85 216
83 225 81 223
80 225 80 214
70 225 68 222
63 225 61 223
59 225 56 223
54 225 52 223
51 225 49 223
42 225 40 223
37 225 37 214
33 225 32 220
29 225 28 220
26 225 24 223
23 225 23 218
21 225 19 223
173 224 170 222
159 224 159 215
129 224 128 221
117 225 117 217
113 224 113 215
102 224 101 221
97 224 97 217
91 224 90 219
86 226 86 215
79 224 79 217
76 224 74 222
73 224 73 216
60 225 60 214
44 224 44 215
39 225 38 220
34 224 34 213
12 224 9 222
8 224 8 213
198 223 196 220
185 223 183 220
161 223 160 219
153 223 153 215
142 223 141 219
134 223 132 221
123 223 122 219
115 223 114 218
111 223 110 219
99 223 98 218
66 223 64 220
47 223 45 221
22 223 22 216
16 223 14 220
6 223 6 212
195 222 193 220
186 223 186 213
182 222 180 220
179 222 177 220
175 222 175 215
169 222 166 220
165 222 165 212
162 222 162 215
158 222 156 219
155 222 154 217
152 222 150 220
149 222 147 219
145 222 143 220
140 222 138 219
127 222 125 219
121 222 120 218
109 222 107 220
100 222 100 212
95 222 92 220
83 222 81 220
72 222 71 218
63 222 61 220
59 222 57 220
56 222 56 215
54 222 51 220
50 222 49 217
43 222 41 220
40 222 40 214
31 222 30 218
26 222 24 220
21 222 18 220
192 221 191 217
173 221 171 219
170 221 170 210
136 221 135 218
118 221 118 214
106 221 104 219
87 221 87 211
76 221 74 218
70 221 68 219
12 221 9 219
7 221 7 213
3 221 3 210
199 220 199 210
134 220 132 218
131 220 129 218
128 220 128 210
119 220 119 213
112 220 112 213
102 220 101 216
67 220 67 212
48 220 46 218
45 220 45 209
36 220 35 216
17 220 17 209
198 219 195 217
194 219 193 214
190 219 189 214
185 219 183 217
182 219 179 217
178 219 177 215
169 219 167 217
166 219 166 211
163 219 163 212
152 219 150 217
144 219 143 215
109 219 107 217
103 219 103 212
96 219 93 217
92 219 92 211
83 219 81 217
66 219 63 217
62 219 61 216
58 219 57 215
55 219 53 217
52 219 51 215
42 219 41 215
39 219 38 216
33 219 32 216
29 219 26 217
24 219 24 211
21 219 19 217
18 219 18 212
16 219 14 216
1 219 1 208
187 218 187 209
173 218 171 216
161 218 160 214
149 218 147 215
145 219 145 210
142 218 140 216
139 218 137 215
127 218 125 215
123 218 122 214
111 218 110 214
105 218 104 213
70 218 68 216
25 219 25 209
12 218 9 216
5 218 4 214
2 218 2 210
176 217 176 207
156 217 156 206
136 217 133 215
132 217 130 215
129 217 129 210
120 217 120 209
115 217 114 212
99 217 98 214
90 217 90 206
78 217 75 215
74 217 74 208
72 217 71 213
48 217 46 214
43 217 43 206
31 217 30 214
23 217 23 209
13 217 13 210
0 217 0 208
198 216 196 214
195 216 195 205
192 216 191 213
188 216 188 207
185 216 183 214
182 216 179 214
174 216 174 209
169 216 167 213
164 216 164 208
158 216 157 211
155 216 154 211
152 216 150 214
146 216 146 207
121 217 121 208
117 216 117 209
109 216 106 214
97 216 95 214
94 216 93 212
83 216 81 213
79 216 79 208
66 216 63 214
55 216 53 214
50 216 49 213
29 216 26 214
21 216 19 214
173 215 171 213
142 215 140 213
102 215 101 210
91 215 91 204
89 215 88 211
85 215 85 207
73 215 73 208
70 215 68 213
62 215 61 211
39 215 38 210
36 215 35 212
33 215 32 211
22 215 22 208
16 215 14 212
12 215 9 213
178 214 177 209
175 214 175 207
162 214 162 206
159 214 159 206
153 214 153 205
149 214 147 211
143 214 143 204
138 214 135 212
134 214 131 212
130 214 130 206
127 214 125 212
116 214 116 204
113 214 113 207
86 214 86 207
84 214 84 203
78 214 75 212
59 214 56 212
52 214 51 210
44 214 44 207
42 214 41 211
198 213 196 211
194 213 193 209
189 213 189 203
185 213 183 210
182 213 179 211
161 213 160 210
152 213 150 211
144 214 144 203
139 214 139 206
123 213 122 208
118 213 118 203
111 213 108 211
107 213 106 209
99 213 97 211
96 213 95 208
80 213 80 203
66 213 63 211
60 213 60 204
55 213 53 211
48 213 46 210
40 213 40 203
37 213 37 206
31 213 29 211
28 213 26 211
21 213 19 211
5 213 4 210
192 212 190 209
186 212 186 205
172 212 171 207
169 212 167 210
142 212 140 209
124 212 124 201
119 212 119 205
112 212 112 203
105 212 104 208
83 212 81 209
72 212 69 210
49 212 49 202
34 212 34 204
12 212 10 210
9 212 7 209
165 211 165 203
163 211 163 203
138 211 135 209
134 211 132 209
131 211 131 203
127 211 125 209
115 211 114 208
103 211 103 200
100 211 100 201
94 211 93 207
77 211 75 208
68 211 67 207
59 211 56 209
50 212 50 203
36 211 35 206
18 211 18 203
16 211 14 209
6 211 6 202
198 210 196 207
182 210 179 208
166 210 166 199
158 210 157 205
155 210 154 206
152 210 149 208
148 210 147 207
111 210 108 208
99 210 97 207
92 210 92 201
89 210 87 208
78 211 78 203
66 210 63 208
62 210 61 206
55 210 53 207
42 210 41 207
33 210 30 208
29 210 27 208
24 210 24 201
21 210 19 208
199 209 199 202
184 209 183 204
170 209 168 207
167 209 167 200
161 209 160 205
145 209 145 202
129 209 128 204
102 209 101 205
72 209 70 207
69 209 69 199
52 209 51 204
48 209 46 207
38 209 38 198
26 209 26 198
13 209 11 207
10 209 10 201
5 209 3 207
2 209 2 198
194 208 192 206
191 208 190 205
187 208 187 197
185 208 185 197
178 208 177 203
174 208 173 205
142 208 140 206
138 208 136 206
135 208 132 206
127 208 125 206
120 208 120 201
117 208 117 198
106 208 106 198
83 208 81 205
59 208 57 206
45 208 45 200
39 209 39 199
25 208 25 201
23 208 23 201
17 208 14 206
9 208 7 205
182 207 179 205
164 207 164 196
152 207 149 205
122 207 121 202
114 207 114 199
111 207 108 205
107 208 107 197
104 207 104 200
96 207 95 204
89 207 87 205
79 207 79 198
76 207 73 205
66 207 63 205
32 207 29 205
28 207 27 202
22 207 19 205
1 207 0 202
197 206 196 201
188 206 188 196
176 206 175 201
172 206 170 204
169 206 168 202
147 206 146 202
123 207 123 199
113 206 113 197
105 206 105 195
99 206 97 204
94 206 93 202
86 206 85 202
77 207 77 196
72 206 70 204
68 206 67 201
56 206 53 204
48 206 46 204
44 206 44 198
42 206 41 202
13 206 11 203
5 206 3 204
198 206 198 198
194 205 192 202
162 205 162 195
159 205 159 194
156 205 154 202
142 205 139 203
138 205 136 203
133 205 132 200
130 205 130 198
127 205 125 203
90 205 90 198
61 205 61 196
58 205 57 201
43 205 43 194
37 205 35 203
17 205 14 203
195 204 195 197
191 204 190 200
186 204 186 197
182 204 180 202
179 204 179 194
174 204 173 200
160 204 160 193
153 204 150 202
149 204 148 200
134 205 134 194
119 204 119 195
111 204 109 202
108 204 108 195
102 204 101 200
88 204 87 199
83 204 81 202
75 204 73 201
66 204 64 202
63 204 62 201
59 204 59 193
33 204 30 202
29 204 29 197
22 204 19 202
9 204 7 201
184 203 183 200
172 203 170 201
161 204 161 193
158 203 157 198
143 203 143 194
135 204 135 193
129 203 128 199
116 203 115 199
98 203 95 201
91 203 91 193
89 204 89 194
76 204 76 195
72 203 70 200
60 203 60 192
55 203 52 201
51 203 51 196
48 203 46 200
34 203 34 194
5 203 3 200
189 202 189 191
178 202 177 199
165 202 165 194
163 202 163 195
144 202 144 191
142 202 139 200
138 202 136 200
131 202 131 195
127 202 125 200
118 202 118 194
112 202 112 195
80 202 80 195
78 202 78 194
56 202 56 191
50 202 50 193
40 202 40 195
36 202 35 198
18 202 16 200
15 202 13 200
11 202 11 193
199 201 199 190
194 201 192 198
182 201 180 198
169 201 168 197
156 201 154 199
153 201 151 199
150 201 150 194
147 201 145 199
122 201 121 198
111 201 109 199
94 201 93 197
86 201 83 199
65 201 64 196
49 201 49 193
41 201 41 193
37 202 37 191
33 201 31 199
30 201 30 194
28 201 27 197
22 201 20 199
19 201 19 193
12 201 12 190
6 201 6 193
0 201 0 191
197 200 196 195
176 200 175 196
172 200 170 198
120 200 120 191
100 200 98 198
97 200 95 197
92 200 92 193
75 200 73 197
63 200 62 197
58 200 57 196
55 200 52 198
42 201 42 193
25 200 23 198
10 200 8 198
7 200 7 190
191 199 190 196
184 199 183 195
174 199 173 194
167 199 167 191
149 199 148 195
142 199 139 197
137 199 136 194
133 199 132 195
127 199 125 197
124 199 124 188
104 199 102 197
101 199 101 188
72 199 70 197
66 199 66 188
47 199 45 196
18 199 16 197
15 199 13 197
5 199 3 197
178 198 177 194
166 198 166 187
156 198 154 196
153 198 151 195
147 198 145 195
129 198 128 195
123 198 123 189
116 198 114 196
111 198 109 195
88 198 85 196
82 198 81 193
69 198 67 196
48 198 48 187
39 198 39 191
32 198 31 194
22 198 20 196
198 197 198 188
194 197 192 194
180 197 180 190
172 197 170 194
158 197 157 193
130 197 130 189
122 197 121 192
117 197 117 190
106 197 106 187
100 197 98 194
90 197 90 189
83 198 83 189
79 197 79 188
55 197 52 195
44 197 44 190
38 197 38 190
36 197 35 193
26 197 23 195
10 197 8 195
195 196 195 185
187 196 185 193
181 197 181 187
169 196 168 191
142 196 140 194
138 196 138 185
127 196 125 193
113 196 113 185
107 196 107 185
104 196 102 193
97 196 94 194
93 196 93 185
84 198 84 187
75 196 72 194
71 196 70 193
63 196 62 191
29 196 27 194
18 196 15 194
14 196 13 192
5 196 2 194
191 195 190 190
188 195 188 187
182 197 182 188
176 195 175 191
164 195 164 187
156 195 154 193
139 196 139 186
116 195 114 193
88 195 85 193
69 195 67 192
65 195 64 192
61 195 61 187
58 195 57 191
51 195 51 186
47 195 45 193
20 195 20 184
197 194 196 190
184 194 183 190
163 194 162 190
153 194 151 192
149 194 147 192
146 194 145 190
133 194 131 191
129 194 128 190
119 194 119 187
112 194 110 192
109 194 108 191
80 194 80 186
77 194 76 189
55 194 53 191
40 194 40 187
33 194 33 183
26 194 24 192
23 194 21 191
10 194 8 191
194 193 192 191
179 193 177 191
174 193 171 191
170 193 170 186
165 193 165 182
150 193 150 182
143 193 140 191
137 193 136 188
118 193 118 184
105 193 105 182
100 193 98 191
97 193 94 191
89 193 89 186
78 193 78 186
75 193 72 191
43 193 43 182
34 193 34 184
32 193 29 191
28 193 27 189
18 193 16 191
15 193 15 184
5 193 3 191
1 193 1 182
187 192 185 190
161 192 159 190
158 192 156 190
135 192 134 188
127 192 125 189
116 192 114 190
104 192 102 190
92 192 91 187
88 192 86 190
85 192 85 184
82 192 81 188
71 192 70 189
59 192 59 181
50 192 49 189
47 192 45 190
42 192 41 187
36 192 35 187
19 192 19 185
11 192 11 182
6 192 6 185
2 193 2 185
155 191 152 189
151 191 151 180
149 191 147 189
122 191 121 186
112 191 110 189
69 191 67 188
65 191 64 186
26 191 24 189
14 191 13 188
194 190 192 188
189 190 189 181
179 190 176 188
175 190 172 188
171 190 171 182
169 190 167 187
144 190 141 188
140 190 140 181
133 190 131 187
120 190 120 181
109 190 108 185
100 190 97 188
94 190 94 183
75 190 72 188
63 190 62 186
58 190 56 188
39 190 39 180
32 190 29 188
23 190 21 188
18 190 16 188
10 190 8 188
3 190 3 179
0 190 0 180
197 189 196 185
191 189 190 185
187 189 185 187
184 189 183 185
180 189 180 179
163 189 160 187
159 189 157 187
156 189 156 181
146 189 145 184
129 189 128 184
117 189 115 187
114 189 114 179
104 189 102 187
88 189 86 187
54 189 52 186
47 189 45 187
44 189 44 181
38 189 37 184
12 189 12 181
7 189 7 181
5 189 4 184
199 188 199 177
155 188 153 186
152 188 152 179
147 188 147 179
130 188 130 180
127 188 125 185
123 188 123 180
112 188 110 186
90 188 90 181
83 188 83 180
77 188 76 183
71 188 70 183
55 190 55 180
49 188 49 179
27 188 24 186
198 187 198 180
194 187 192 184
182 187 182 176
179 187 177 185
176 187 174 185
173 187 172 183
149 188 148 184
144 187 141 185
137 187 135 185
134 187 134 177
124 187 124 180
101 187 98 185
82 187 81 182
79 187 79 178
75 187 72 185
68 187 66 184
58 187 56 185
50 188 50 180
32 187 30 185
29 187 28 184
23 187 21 184
18 187 16 185
14 187 13 182
10 187 8 185
188 186 186 184
185 186 185 177
181 186 181 179
169 186 167 184
166 186 166 179
164 186 161 184
158 186 157 181
133 186 131 183
119 186 119 176
117 186 115 183
106 186 106 175
102 186 102 178
97 186 95 183
92 186 91 181
88 186 86 184
84 186 84 177
69 187 69 178
61 186 60 182
48 186 46 184
45 186 45 179
42 186 40 184
170 185 170 174
159 186 159 177
155 185 153 183
139 185 139 176
122 185 121 182
112 185 110 182
104 185 103 180
89 185 89 176
80 185 80 178
78 185 78 177
65 185 63 182
62 185 62 178
54 185 52 183
51 185 51 177
35 185 35 174
27 185 24 183
197 184 195 181
191 184 190 180
184 184 183 181
179 184 176 182
175 184 174 180
160 185 160 174
141 184 141 177
138 184 135 182
127 184 125 181
113 184 113 176
109 184 107 182
101 184 98 182
93 184 93 177
75 184 73 182
72 184 72 175
58 184 56 182
36 186 36 177
32 184 30 181
19 184 16 182
10 184 8 182
6 184 6 175
2 184 2 175
194 183 192 180
188 183 186 181
168 183 167 178
164 183 161 181
149 183 148 179
146 183 143 181
142 183 142 172
129 183 128 180
118 183 118 175
88 183 86 181
85 183 85 176
68 183 66 181
48 183 46 180
41 183 40 178
38 183 37 178
34 183 34 174
29 183 28 179
23 183 21 181
20 183 20 173
15 183 15 176
5 183 4 178
173 182 172 177
169 183 169 173
155 182 153 180
133 182 131 180
115 182 115 172
97 182 95 180
94 182 94 175
77 182 76 178
71 182 70 179
54 182 52 179
42 182 42 171
33 182 33 175
27 182 25 180
24 182 24 171
179 181 177 179
176 181 176 174
171 181 171 171
165 181 165 170
150 181 150 173
137 181 135 178
122 181 121 177
112 181 110 179
109 181 107 179
105 181 105 173
101 181 99 179
98 181 98 170
82 181 81 176
75 181 73 179
65 181 63 178
61 181 60 178
58 181 56 178
19 181 16 179
14 181 13 176
11 181 8 179
1 181 1 173
197 180 195 178
189 180 186 178
184 180 183 176
164 180 162 178
161 180 161 172
158 180 156 177
144 180 143 175
140 180 140 172
138 181 138 170
127 180 125 178
120 180 120 172
92 180 90 177
88 180 86 177
68 180 66 178
59 180 59 173
44 180 43 175
32 180 30 177
23 180 21 178
12 180 12 171
7 180 7 173
198 179 198 172
194 179 192 177
191 179 190 175
174 179 174 170
155 179 153 177
145 180 145 170
133 179 130 177
129 179 128 175
124 179 123 176
104 179 103 175
97 179 95 177
83 179 83 169
55 179 55 171
50 179 50 171
48 179 46 176
39 179 39 169
27 179 25 176
0 179 0 170
181 178 179 176
178 178 177 174
175 179 175 168
166 178 166 170
152 178 151 173
149 178 146 176
117 178 116 173
114 178 114 171
110 178 107 176
101 178 99 175
75 178 73 176
71 178 70 174
54 178 52 175
49 178 49 171
45 178 45 171
29 178 28 174
19 178 17 176
16 178 16 170
11 178 9 176
8 178 8 167
197 177 195 175
189 177 186 175
168 177 167 174
164 177 162 174
137 177 135 175
127 177 125 175
102 177 102 170
80 177 79 172
77 177 76 173
69 177 67 175
66 177 64 175
63 177 60 175
58 177 56 175
41 177 40 173
38 177 37 173
22 177 21 172
5 177 3 175
199 176 199 167
194 176 192 174
185 176 185 169
173 176 172 171
159 176 157 174
156 176 154 174
153 176 153 166
141 176 141 168
134 176 132 174
130 176 130 166
122 176 121 172
112 176 111 171
96 176 95 172
93 176 90 174
88 176 86 174
84 176 84 167
78 176 78 168
51 176 51 169
36 176 36 167
32 176 30 174
23 177 23 167
183 175 180 173
179 175 179 168
149 175 147 173
146 175 146 166
139 175 139 168
123 175 123 168
119 175 119 164
113 175 113 166
110 175 107 173
97 176 97 167
89 175 89 167
85 175 85 167
82 175 81 172
75 175 73 173
48 175 46 173
27 175 25 172
19 175 17 173
15 175 13 173
11 175 9 173
197 174 195 172
190 174 187 172
186 174 186 167
184 175 184 167
144 174 143 170
137 174 135 172
131 174 131 163
129 174 127 172
126 174 124 172
118 174 118 165
104 174 103 170
101 174 99 171
94 174 94 165
72 174 72 163
69 174 67 172
66 174 64 172
63 174 61 172
60 174 60 164
58 174 56 171
54 174 52 171
44 174 43 170
33 174 33 166
6 174 3 172
2 174 2 167
194 173 191 171
178 173 176 170
170 173 170 166
168 173 167 170
160 173 158 171
157 173 155 171
154 173 154 164
134 173 132 171
93 173 90 171
88 173 86 171
71 173 70 169
35 173 34 170
32 173 30 171
29 173 28 170
183 172 181 170
180 172 180 162
169 172 169 164
164 172 162 169
152 172 150 170
149 172 147 169
110 172 107 170
105 172 105 163
77 172 75 170
74 172 73 169
59 172 59 163
48 172 46 170
41 172 40 168
37 172 37 161
20 172 18 170
17 172 17 164
14 172 13 167
11 172 9 169
7 172 7 165
1 172 1 161
198 171 196 169
195 171 195 161
189 171 187 168
161 171 161 162
142 171 142 164
140 171 140 161
135 171 135 161
129 171 127 169
126 171 124 169
122 171 120 168
116 171 115 166
96 171 95 168
82 171 79 169
69 171 66 169
62 171 61 166
38 171 38 160
27 171 25 168
22 171 21 167
15 172 15 161
6 171 4 169
194 170 192 168
191 170 190 167
173 170 171 168
160 170 157 168
156 170 155 167
137 171 136 166
134 170 132 168
117 172 117 162
114 170 114 163
101 170 99 167
93 170 90 168
86 170 86 161
65 171 63 168
58 170 56 168
55 170 52 168
50 170 49 167
45 170 45 163
42 170 42 159
32 170 30 167
24 170 24 161
12 170 12 162
183 169 181 166
178 169 176 166
174 169 174 162
168 169 165 167
152 169 150 166
145 169 143 167
112 169 109 167
108 169 106 166
104 169 102 166
98 169 98 162
88 170 87 165
77 169 75 167
48 169 46 167
44 169 43 166
35 169 34 164
29 169 28 164
19 169 18 165
16 169 16 161
3 169 3 158
0 169 0 161
198 168 196 165
185 168 185 159
164 168 162 166
149 168 147 166
138 168 138 157
129 168 127 166
126 168 124 165
83 168 81 166
80 168 79 163
74 168 73 163
71 168 69 166
68 168 66 165
51 168 51 159
39 168 39 160
20 169 20 160
11 168 9 166
6 168 4 166
194 167 192 165
189 167 187 165
179 167 179 158
175 167 175 156
173 167 171 164
160 167 158 165
157 167 157 160
141 167 141 156
139 167 139 159
134 167 132 165
123 167 120 165
96 167 95 162
93 167 91 165
90 167 90 156
78 167 78 160
65 167 63 165
58 167 56 165
55 167 52 165
41 167 40 164
27 167 25 165
199 166 199 159
191 166 190 162
186 166 186 157
184 166 184 159
168 166 165 164
156 166 155 161
145 166 143 164
112 166 109 164
101 166 99 164
97 166 97 158
89 166 89 158
85 166 84 161
77 166 75 164
50 166 47 164
36 166 36 155
32 166 30 163
23 166 21 164
14 166 13 161
8 166 8 159
2 166 2 158
183 165 181 162
178 165 176 162
170 165 170 156
164 165 162 163
153 165 151 163
150 165 148 163
147 165 146 161
137 165 136 161
130 165 127 163
113 165 113 154
106 165 106 154
103 165 102 160
83 165 81 163
71 165 69 162
62 165 61 162
46 165 46 154
44 165 43 162
33 165 33 154
11 165 9 163
6 165 4 162
198 164 196 162
194 164 192 162
188 164 187 159
160 164 158 161
134 164 132 161
126 164 124 162
122 164 120 161
118 164 118 156
116 164 115 159
108 165 107 160
104 165 104 156
94 164 91 162
87 164 87 154
68 164 66 162
65 164 63 162
58 164 55 162
54 164 52 161
26 164 25 159
19 164 18 161
7 164 7 156
189 164 189 155
173 163 171 161
169 163 166 161
154 163 154 154
145 163 143 161
142 163 142 156
123 164 123 155
112 163 110 161
109 163 109 156
100 163 99 159
88 163 88 152
77 163 75 160
60 163 60 156
50 163 48 161
47 163 47 154
41 163 40 159
35 163 34 160
29 163 27 160
23 163 21 161
17 163 17 156
165 162 163 160
162 162 162 152
153 162 151 160
150 162 148 160
130 162 127 160
114 162 114 151
105 162 105 153
82 162 79 160
74 162 72 160
59 162 59 151
45 162 45 155
32 162 30 159
11 162 9 159
198 161 196 158
193 161 190 159
183 161 181 159
180 161 180 150
178 161 176 158
174 161 174 153
161 161 161 152
131 162 131 153
126 161 124 159
117 161 117 153
98 161 98 154
96 161 94 159
93 161 91 159
83 162 83 152
71 161 69 159
68 161 65 159
64 161 62 159
61 161 61 154
57 161 55 158
44 161 43 156
12 161 12 153
6 161 4 158
195 160 194 156
173 160 171 157
169 160 167 158
166 160 166 152
160 160 158 157
156 160 155 156
147 160 145 158
144 160 143 156
140 160 140 151
137 160 135 158
134 160 132 158
122 160 120 158
119 160 119 149
112 160 110 157
86 160 84 158
58 161 58 151
54 160 52 157
50 160 48 158
24 160 22 158
18 160 18 149
16 160 14 158
13 160 13 150
1 160 0 157
165 159 163 157
157 159 157 152
153 159 150 157
149 159 148 154
130 159 128 157
127 159 127 151
108 159 107 155
103 159 101 157
80 159 77 157
76 159 73 157
39 159 37 157
35 159 34 155
29 159 27 157
21 159 19 157
199 158 199 148
193 158 190 156
188 158 187 154
185 158 182 156
139 158 139 147
126 158 124 155
116 158 115 154
100 158 99 154
96 158 94 156
93 158 91 156
82 159 81 154
72 158 69 156
68 158 65 156
64 158 62 155
51 158 51 147
42 158 40 156
30 158 30 150
11 158 9 156
8 158 8 148
198 157 196 154
179 157 177 155
176 157 176 148
169 157 167 155
146 157 145 152
137 157 135 155
134 157 132 155
122 157 120 155
97 157 97 148
89 157 89 149
86 157 84 154
57 157 55 155
50 157 48 155
32 158 31 153
26 157 23 155
22 157 22 150
16 157 14 154
6 157 3 155
2 157 2 147
186 156 186 148
173 156 171 154
165 156 163 153
160 156 158 153
152 156 150 153
130 156 128 153
112 156 110 153
103 156 101 153
80 156 78 154
74 156 73 152
53 156 52 151
39 156 37 154
29 156 27 153
21 156 19 154
1 156 0 151
195 155 192 153
191 155 190 151
185 155 182 153
181 155 181 144
175 155 175 144
170 155 170 147
156 155 155 151
153 156 153 145
144 155 142 153
141 155 141 147
118 155 118 148
109 155 109 146
104 155 104 146
96 155 94 153
93 155 90 153
71 155 68 153
67 155 65 153
60 155 60 145
54 156 54 145
44 155 42 153
41 155 40 151
17 155 17 147
11 155 9 153
7 155 7 148
189 154 189 146
179 154 177 151
169 154 167 152
147 154 147 143
138 154 136 152
135 154 132 152
126 154 124 152
123 154 120 152
108 154 107 150
77 154 75 151
64 154 62 151
57 154 55 151
50 154 48 152
45 154 45 143
36 154 34 151
26 154 23 152
6 154 4 152
3 154 3 146
198 153 196 150
188 153 187 150
173 153 171 151
154 153 154 143
149 153 148 149
116 153 115 150
113 153 113 145
106 153 106 142
100 153 98 151
87 153 84 151
82 153 79 151
61 153 61 144
47 153 46 149
39 153 37 150
33 153 33 142
20 153 19 148
16 153 14 151
195 152 192 150
185 152 183 150
174 152 174 145
165 152 163 149
160 152 158 150
152 152 150 150
144 152 142 150
131 152 128 150
117 152 117 144
112 152 110 150
105 152 105 144
101 152 101 142
96 152 94 150
92 152 90 149
78 152 78 141
72 152 70 150
69 152 66 150
65 152 65 142
44 152 42 150
32 152 31 148
29 152 27 150
21 153 21 143
12 152 9 150
182 151 182 140
169 151 166 149
162 151 161 147
157 151 157 144
146 151 145 147
138 151 136 149
135 151 132 149
126 151 123 149
122 151 120 148
103 152 102 147
93 152 93 143
88 151 88 144
83 151 83 140
74 151 73 147
50 151 48 149
26 151 24 149
23 151 23 144
5 151 4 146
191 150 190 146
179 150 177 148
173 150 171 148
156 150 155 145
140 150 140 139
127 150 127 142
114 150 114 140
100 150 98 147
87 150 85 148
84 150 84 140
82 150 79 148
76 150 75 145
64 150 62 148
59 150 57 148
56 150 55 146
53 150 52 146
41 150 40 147
35 150 34 145
16 150 14 148
1 150 0 147
198 149 196 147
195 149 193 147
192 149 192 142
188 149 187 145
185 149 183 146
180 149 180 140
160 149 158 147
150 149 150 138
144 149 142 147
129 149 128 145
116 149 115 144
112 149 110 147
108 149 107 144
96 149 94 147
72 149 70 147
69 149 67 147
66 149 66 140
43 149 42 145
39 149 36 147
30 149 27 147
22 149 22 142
13 149 11 147
9 149 9 138
169 148 167 146
166 148 163 146
152 149 151 145
149 148 148 144
138 148 136 145
135 148 132 146
131 149 130 144
126 148 123 146
119 148 119 140
89 148 89 137
50 148 47 146
46 148 46 139
26 148 24 146
18 148 18 140
10 149 10 140
199 147 199 140
186 147 186 140
179 147 177 145
176 147 176 136
173 147 171 145
122 147 120 145
118 147 118 140
97 147 97 136
92 147 90 144
85 147 85 136
82 147 80 145
79 147 79 140
64 147 62 144
59 147 57 145
32 147 31 142
20 147 19 143
16 147 14 144
8 147 6 144
197 146 194 144
193 146 193 138
170 146 170 139
162 146 159 144
158 146 158 139
146 146 143 144
142 146 141 142
139 146 139 135
112 146 110 143
103 146 102 142
100 146 98 144
96 146 94 143
87 146 86 141
74 146 72 144
71 146 69 144
68 146 67 142
51 146 51 137
44 146 44 135
41 146 39 144
38 146 36 144
30 146 27 144
17 146 17 136
12 146 11 142
2 146 0 143
198 146 198 137
191 145 189 143
185 145 183 143
169 145 166 143
165 145 163 143
135 145 132 143
126 145 124 143
123 145 123 134
109 145 109 134
104 145 104 138
77 145 77 134
56 145 55 142
53 145 52 140
50 145 47 143
26 145 24 142
13 145 13 134
5 145 3 143
188 144 187 140
179 144 177 141
174 144 171 142
156 144 155 139
152 144 151 140
138 144 136 141
129 144 128 139
122 144 120 142
113 144 113 135
82 144 80 142
76 144 75 140
60 144 58 141
57 144 57 133
54 144 54 135
43 144 42 141
35 144 34 140
197 143 195 141
194 143 194 135
181 143 181 133
175 143 175 136
162 143 160 141
157 143 157 135
148 143 148 136
146 143 144 141
143 143 143 135
131 143 130 138
117 143 115 141
108 143 107 139
105 143 105 134
99 143 98 138
92 143 90 140
88 143 88 134
74 143 71 141
70 143 69 139
64 143 61 141
41 143 39 141
38 143 36 140
30 143 27 141
23 143 23 134
16 143 14 140
8 143 6 141
191 142 189 139
185 142 183 140
166 142 163 140
159 142 159 131
154 142 153 137
147 142 147 131
135 142 132 140
126 142 124 140
112 142 110 140
100 143 100 132
96 142 93 140
50 142 47 140
45 142 45 134
21 142 19 139
5 142 2 140
1 142 0 139
192 141 192 133
174 141 172 139
171 141 171 131
169 141 167 138
142 141 141 136
127 141 127 132
122 141 120 139
106 141 106 130
102 141 101 137
82 141 80 138
68 141 67 137
65 141 65 132
56 141 55 137
33 141 31 139
26 141 24 139
22 141 22 134
12 141 11 136
197 140 195 137
179 140 177 137
162 140 160 137
146 140 144 138
138 140 136 138
117 140 115 138
103 141 103 131
87 140 86 135
78 140 78 133
74 140 72 138
71 140 71 133
64 140 62 138
61 140 59 138
43 140 41 138
40 140 39 135
27 140 27 132
6 140 6 132
199 139 199 129
188 139 186 137
185 139 183 137
182 139 182 128
180 139 180 128
164 139 163 135
151 139 151 131
134 139 132 136
126 139 124 137
119 139 118 134
114 139 114 132
112 139 110 136
96 139 93 137
92 139 90 137
84 139 83 135
79 139 79 128
76 139 75 134
66 139 66 132
50 139 48 137
38 139 36 137
35 139 34 135
18 139 18 131
16 139 14 136
10 139 10 132
8 140 7 135
5 139 3 137
2 139 2 129
174 138 172 136
170 138 170 130
165 139 165 129
158 138 158 130
156 138 155 135
152 139 152 128
140 138 140 131
129 138 128 133
122 138 120 136
107 138 107 128
70 138 69 133
58 138 58 127
53 138 52 133
47 138 46 135
33 138 30 136
26 138 24 136
21 138 19 135
1 138 0 133
193 137 193 127
166 139 166 128
150 137 149 133
146 137 144 134
138 137 135 135
131 137 130 133
117 137 115 135
104 137 104 129
99 137 98 134
82 137 80 135
74 137 72 134
64 137 62 135
61 137 59 135
43 137 41 135
29 137 28 132
9 137 9 130
198 136 196 134
195 136 195 125
188 136 185 134
183 136 183 125
179 136 177 134
162 136 160 134
154 136 153 131
126 136 124 133
102 136 101 131
96 136 94 134
93 136 91 134
90 136 89 132
68 136 67 132
56 136 55 131
51 136 48 134
38 136 36 133
5 136 3 134
191 135 189 132
184 136 184 125
176 135 174 133
173 135 172 132
167 135 167 124
148 135 148 125
142 135 141 131
133 135 132 131
120 135 120 124
112 135 110 133
97 135 97 128
85 135 85 125
33 135 31 133
30 135 30 127
26 135 24 132
17 135 15 133
14 135 14 128
12 135 11 131
194 134 194 126
168 137 168 126
163 134 163 123
157 134 155 132
143 134 143 124
139 134 136 132
135 134 134 129
121 135 121 124
117 134 115 132
113 134 113 126
87 134 86 129
84 134 82 132
81 134 80 131
63 134 60 132
59 134 59 125
54 134 54 126
47 134 46 131
44 134 41 132
40 134 39 131
35 134 34 129
21 134 19 131
8 134 7 130
198 133 196 131
188 133 185 131
179 133 177 130
169 136 169 125
164 134 164 124
162 133 160 130
146 133 144 131
123 133 122 129
119 133 118 129
109 133 108 128
105 133 105 125
98 133 98 122
96 133 93 131
92 133 91 129
88 133 88 125
77 133 75 131
74 133 72 130
51 133 48 131
45 133 45 124
23 133 22 129
13 133 13 126
5 133 3 131
192 132 192 124
181 132 181 121
174 132 174 123
150 132 149 127
131 132 128 130
126 132 124 129
112 132 110 129
78 132 78 121
71 132 69 130
57 132 57 122
53 132 52 127
38 132 36 129
33 132 31 130
17 132 15 129
1 132 0 129
191 131 189 128
176 132 175 127
173 131 172 128
157 131 155 129
139 131 137 129
136 131 136 120
127 131 127 123
117 131 115 129
114 131 114 122
100 131 99 127
90 131 89 128
84 131 82 128
67 131 64 129
63 131 60 129
44 131 42 129
41 131 41 122
28 131 25 129
24 131 24 121
10 131 10 121
6 131 6 121
198 130 196 127
188 130 186 128
185 130 185 123
171 130 171 122
159 130 159 123
154 130 153 126
151 130 151 123
147 130 145 128
144 130 144 120
142 130 140 128
133 130 132 126
103 130 101 128
96 130 94 128
93 130 93 123
81 130 80 126
76 130 75 125
68 131 68 122
56 130 55 125
51 130 49 128
48 130 46 128
40 130 39 127
29 131 29 121
21 130 18 128
12 130 11 125
5 130 3 127
179 129 177 127
170 129 170 121
162 129 160 126
158 129 158 118
131 129 128 127
106 129 106 122
77 130 77 120
74 129 72 127
71 129 69 126
33 129 31 127
9 129 7 127
199 128 199 117
165 128 165 119
157 128 155 126
139 128 137 125
135 128 134 125
122 128 122 117
119 128 117 126
116 128 115 124
104 128 104 118
92 128 91 123
86 128 86 120
67 128 65 126
64 128 61 126
44 128 42 126
38 128 35 126
34 128 34 120
28 128 26 126
25 128 25 117
22 128 22 120
16 128 15 124
2 128 0 125
191 127 189 125
188 127 186 125
182 127 182 116
180 127 180 119
173 127 172 123
152 127 152 119
147 127 145 124
141 127 140 123
125 127 123 124
112 127 109 125
108 127 107 123
103 127 101 124
97 127 94 125
90 127 89 123
84 127 82 125
79 127 79 117
51 127 49 125
48 127 46 125
21 127 18 125
17 128 17 119
14 127 14 120
197 126 196 121
193 126 193 119
179 126 177 124
176 126 175 122
150 126 149 122
142 127 142 119
131 126 128 124
100 126 99 122
74 126 72 123
58 126 58 115
53 126 52 123
39 126 39 118
33 126 31 124
30 126 30 116
9 126 7 124
5 126 3 124
194 125 194 115
168 125 168 114
162 125 160 122
157 125 155 123
154 125 153 122
133 125 132 120
119 125 117 122
113 125 113 118
81 125 80 121
71 125 69 122
67 125 65 123
64 125 62 123
61 125 60 120
54 125 54 116
44 125 42 123
40 126 40 115
38 125 36 123
35 125 35 114
28 125 26 122
13 125 13 117
195 124 195 114
191 124 189 122
188 124 186 121
184 124 183 120
169 124 169 114
148 124 148 116
139 124 137 121
135 124 134 121
112 124 109 122
105 124 105 113
97 124 94 122
88 124 87 120
85 124 82 122
75 124 75 115
59 124 59 114
56 124 55 121
51 124 48 122
47 124 46 121
21 124 19 122
18 124 18 114
12 124 11 121
2 124 0 122
192 123 192 112
179 123 177 121
167 123 166 118
164 123 164 113
143 123 143 116
131 123 129 121
128 123 128 115
126 123 123 121
121 123 120 118
116 123 115 119
103 123 101 120
76 124 76 114
45 123 45 114
33 123 31 121
16 123 15 119
9 123 7 121
5 123 3 121
185 122 185 112
174 122 172 119
163 122 163 114
159 122 159 111
157 122 155 119
151 122 151 115
147 122 145 119
141 122 140 118
127 122 127 115
108 122 107 119
93 122 91 120
90 122 89 119
73 122 72 118
67 122 64 120
62 122 62 111
53 122 52 117
44 122 42 120
38 122 36 119
198 121 198 110
191 121 189 118
176 121 175 116
171 121 171 114
162 121 160 119
154 121 153 118
150 121 149 116
119 121 117 118
114 121 114 111
112 121 110 119
109 121 109 110
106 121 106 111
100 121 98 119
97 121 95 119
94 121 94 112
82 121 82 111
74 122 74 113
71 121 69 119
68 121 68 114
63 122 63 113
57 121 57 113
51 121 49 118
41 121 41 113
28 121 26 119
21 121 19 118
2 121 0 119
196 120 196 113
187 120 186 116
181 120 181 113
179 120 177 118
170 120 170 112
139 120 137 118
135 120 134 116
131 120 129 117
126 120 123 118
83 121 83 112
81 120 80 116
56 120 55 115
47 120 46 116
33 120 31 118
29 120 29 111
24 120 23 115
11 120 8 118
7 120 4 118
3 120 3 113
197 120 197 109
188 119 188 108
184 119 183 116
144 119 144 110
136 119 136 111
132 119 132 110
103 119 101 117
92 119 91 115
88 119 85 117
84 121 84 110
77 119 77 108
65 119 64 115
42 119 42 108
34 119 34 111
22 119 22 112
14 119 14 112
12 119 12 108
193 118 193 110
180 118 180 108
174 118 172 116
165 118 165 111
162 118 160 116
157 118 155 115
152 118 152 109
147 118 145 116
142 118 142 110
116 118 115 113
112 118 110 116
108 118 107 113
99 118 96 116
95 118 95 111
93 119 93 110
90 118 89 113
71 118 69 116
67 119 66 114
44 119 43 114
38 118 36 116
28 118 26 116
17 118 15 116
2 118 0 116
190 117 189 112
179 117 177 115
167 117 166 114
158 117 158 109
154 117 153 114
141 117 139 115
126 117 123 115
120 117 117 115
113 117 113 106
104 117 104 106
73 117 72 114
60 117 60 106
39 117 39 110
33 117 31 114
21 117 19 115
11 117 8 115
7 117 4 115
199 116 199 105
191 117 191 107
133 116 133 105
131 116 129 113
122 116 121 111
103 116 100 114
88 116 86 114
79 116 78 111
61 118 61 107
53 116 50 114
49 116 48 111
25 116 25 109
13 116 13 109
187 115 186 112
184 115 182 112
176 115 173 113
172 115 172 108
162 115 160 112
150 115 148 113
146 115 145 110
143 115 143 108
138 115 137 110
135 115 134 111
112 115 110 112
96 115 96 107
81 115 80 112
71 115 69 113
54 115 54 104
47 115 46 110
37 115 36 110
30 115 30 108
28 115 26 113
17 115 15 112
2 115 0 113
194 114 194 104
179 114 177 112
157 114 155 112
151 114 151 107
147 115 147 104
141 114 139 112
128 114 126 111
125 114 123 112
119 114 117 111
99 114 97 111
92 114 91 110
85 114 85 103
75 114 75 103
65 114 64 111
58 114 58 103
56 114 55 110
38 114 38 103
23 114 23 104
21 114 19 112
11 114 9 112
8 114 6 112
5 114 4 111
195 113 195 105
171 113 171 102
169 113 167 111
166 113 166 106
163 113 163 102
154 113 153 109
120 114 120 105
103 113 100 111
88 113 86 111
76 113 76 105
73 113 72 109
68 113 66 110
59 113 59 106
53 113 50 111
45 113 43 110
35 113 35 106
33 113 31 111
24 114 24 103
18 113 18 105
196 112 196 102
181 112 181 104
176 112 174 110
173 112 173 101
164 112 164 105
149 112 148 108
131 112 129 109
116 112 115 109
108 112 107 107
105 112 105 105
90 112 89 108
74 112 74 104
71 112 69 110
63 112 63 105
57 112 57 103
41 112 40 108
26 112 26 103
3 112 0 110
192 111 192 100
189 111 189 102
187 111 184 109
183 111 182 108
177 111 177 102
170 111 170 100
162 111 160 108
157 111 155 109
150 112 150 104
141 111 139 108
124 111 123 107
112 111 110 109
94 111 94 103
83 111 83 102
81 111 80 108
28 111 27 106
22 111 20 109
19 111 19 102
17 111 14 109
11 111 9 109
8 111 6 108
178 111 178 100
169 110 167 107
165 110 165 99
159 110 159 101
136 110 134 107
128 110 126 108
125 111 125 100
122 110 121 107
119 110 117 107
114 110 114 102
106 110 106 103
103 110 101 108
99 110 97 107
95 110 95 103
88 110 86 107
82 110 82 101
79 110 78 105
65 110 64 105
62 110 62 103
53 110 50 108
49 110 48 105
34 110 31 108
29 110 29 102
5 110 4 105
198 109 198 100
193 109 193 100
179 109 179 98
176 109 174 107
146 109 144 107
142 109 142 101
138 109 137 105
132 109 132 99
109 109 109 101
100 110 100 99
93 109 91 106
84 109 84 101
71 109 68 107
67 109 66 106
56 109 55 106
47 109 44 107
43 109 43 102
39 109 39 100
37 109 36 105
1 109 0 104
197 108 197 101
190 108 190 97
187 108 184 106
158 108 155 106
154 108 152 106
131 108 129 105
116 108 115 104
111 108 110 103
73 108 72 104
25 108 25 100
22 108 20 105
16 108 13 106
11 108 9 105
3 109 2 105
188 107 188 98
183 107 182 103
180 107 180 96
172 107 172 97
161 107 160 103
149 107 148 102
143 107 143 100
141 107 139 104
128 107 126 105
112 108 112 98
103 107 101 105
90 107 89 103
81 107 80 102
53 107 51 105
50 107 50 97
42 107 40 105
32 107 30 104
17 108 17 100
12 107 12 98
191 106 191 98
176 106 174 103
168 106 167 102
162 107 162 97
151 106 151 96
146 106 144 104
136 106 134 104
124 106 121 104
119 106 117 104
108 106 107 102
99 106 97 104
96 106 96 98
88 106 86 103
70 106 68 103
61 106 61 99
45 106 44 101
34 107 33 102
6 106 6 95
187 105 185 103
184 105 184 94
169 106 169 96
166 105 166 95
158 105 155 103
154 105 152 103
113 105 113 98
104 105 104 98
91 105 91 98
77 105 77 94
71 105 71 94
67 105 66 102
60 105 59 101
56 105 55 102
47 105 46 100
35 105 35 95
28 105 27 100
16 105 13 103
8 106 7 101
195 104 195 93
164 104 164 96
138 104 137 99
131 104 129 102
128 104 126 101
120 104 120 95
105 104 105 97
101 104 101 93
92 105 92 95
79 104 78 101
76 104 76 96
63 104 63 94
51 104 51 94
49 104 48 100
42 104 40 101
36 104 36 93
22 104 20 101
18 104 18 96
4 104 2 101
199 103 199 92
194 103 194 95
181 103 181 96
150 103 150 96
147 103 144 101
141 103 139 100
136 103 133 101
124 103 122 101
121 103 121 92
119 103 116 101
115 103 115 96
102 104 102 93
99 103 97 101
93 105 93 94
74 103 72 100
65 104 64 99
54 103 52 100
37 104 37 94
32 103 30 100
23 103 23 95
5 104 5 95
0 103 0 93
187 102 185 100
183 102 182 98
176 102 174 99
160 102 160 92
158 102 156 100
155 102 152 100
111 102 110 99
106 102 106 94
95 102 94 97
89 102 86 100
85 102 85 91
70 102 68 100
62 102 62 92
58 102 57 97
38 102 38 94
26 102 26 94
24 102 24 93
16 102 14 100
13 102 13 94
10 102 9 97
1 103 1 93
196 101 196 94
189 101 189 90
177 101 177 93
168 101 167 96
163 101 163 94
161 102 161 94
149 101 148 96
131 101 129 98
114 101 114 94
108 101 107 98
90 102 90 93
83 101 83 93
81 101 80 98
67 101 66 96
56 101 55 98
43 101 43 94
34 101 33 96
29 101 29 94
19 101 19 93
11 103 11 92
197 100 197 92
159 100 159 92
147 100 144 98
142 100 142 93
136 100 134 98
133 100 133 89
128 100 126 98
124 100 122 98
119 100 117 98
116 100 116 91
109 100 109 93
103 100 103 89
98 100 97 96
84 100 84 91
82 100 82 89
79 100 78 96
60 100 59 96
45 100 44 95
42 100 40 97
22 100 20 97
8 100 7 95
4 100 2 97
198 99 198 90
193 99 192 95
187 99 185 97
178 99 178 92
173 99 173 88
171 99 170 94
158 99 156 97
155 99 153 97
152 99 152 88
143 99 143 89
125 99 125 91
88 99 86 96
72 99 72 90
68 99 68 88
54 99 52 97
49 99 47 97
46 99 46 90
39 99 39 89
32 99 30 96
28 99 27 95
25 99 25 91
17 99 14 97
176 98 174 96
141 98 138 96
132 98 132 88
111 98 110 95
100 98 99 95
89 99 89 91
73 98 73 87
70 98 69 93
65 98 64 94
61 98 61 90
191 97 191 89
188 97 188 86
183 97 182 94
179 97 179 87
147 97 145 95
144 97 144 87
137 97 134 95
131 97 129 95
128 97 126 95
124 97 122 95
119 97 117 95
113 97 112 94
108 97 107 94
104 97 104 90
96 97 96 89
91 97 91 90
81 97 80 93
74 98 74 87
56 97 55 93
12 97 12 88
190 96 190 88
187 96 185 93
172 96 172 85
162 96 162 86
158 96 156 94
155 96 153 93
105 96 105 87
94 96 94 88
58 96 57 92
54 96 52 94
50 96 48 94
47 96 47 88
42 96 40 94
22 96 20 93
17 96 15 94
14 96 14 89
10 96 9 91
4 96 2 93
181 95 180 92
174 95 174 87
169 95 167 93
165 95 164 90
151 95 148 93
141 95 139 93
138 95 138 87
115 95 115 86
98 95 97 91
95 96 95 87
88 95 86 93
79 95 78 90
76 95 75 91
67 95 66 90
60 95 59 90
34 95 32 93
31 95 30 91
18 95 18 85
194 94 192 91
176 94 175 89
166 94 166 86
145 94 145 84
137 94 134 92
131 94 128 92
126 94 126 84
124 94 122 91
120 94 118 92
117 94 117 83
111 94 110 89
100 94 99 89
92 94 92 87
45 94 44 90
35 94 35 86
28 94 27 90
23 94 23 85
8 94 6 92
5 94 5 87
196 93 196 82
184 93 182 91
171 93 170 88
163 93 163 82
161 93 161 82
156 93 156 83
146 93 146 82
114 93 112 90
108 93 106 91
93 93 93 82
77 93 77 85
71 93 71 83
65 93 63 90
54 93 51 91
50 93 48 91
43 93 41 91
40 93 40 84
38 93 37 90
29 93 29 82
26 93 26 84
17 93 15 90
13 93 13 84
195 92 195 85
187 92 185 89
177 92 177 84
169 92 167 89
158 92 157 87
155 92 153 90
151 92 149 90
148 92 147 88
142 92 140 90
139 92 139 81
109 92 109 85
102 92 101 88
90 92 90 85
88 92 86 90
83 92 83 85
81 92 80 88
70 92 69 87
56 92 55 88
36 92 36 85
33 92 32 87
24 92 24 85
22 92 20 90
19 92 19 82
4 92 2 90
1 92 0 87
197 91 197 80
181 91 180 86
178 91 178 84
160 91 159 86
137 91 134 89
131 91 128 89
121 91 119 89
118 91 118 82
62 91 62 84
58 91 57 87
34 91 34 80
11 91 11 83
8 91 6 88
194 90 192 88
184 90 182 87
125 90 123 88
122 90 122 82
116 90 116 82
108 90 106 88
98 90 97 86
89 90 89 80
85 90 84 87
75 90 75 80
54 90 51 88
50 90 48 87
43 90 41 87
31 90 30 86
25 90 25 80
10 90 9 86
199 89 198 85
189 89 189 79
165 89 164 86
155 89 153 86
151 89 149 87
142 89 140 86
114 89 112 86
104 89 104 81
91 89 91 79
88 89 86 87
79 89 78 84
72 89 72 82
67 89 65 87
64 89 63 86
61 89 59 87
46 89 44 86
38 89 37 86
28 89 27 85
22 89 20 87
16 89 15 85
4 89 2 86
191 88 191 81
185 88 185 78
176 88 175 84
168 88 167 84
143 88 143 80
137 88 135 86
134 88 133 83
131 88 129 86
128 88 127 85
121 88 119 86
111 88 110 83
103 88 103 81
100 88 99 85
96 88 96 80
82 88 82 77
76 88 76 77
39 88 39 80
17 89 17 78
14 88 14 78
194 87 192 85
190 87 190 77
187 88 186 83
173 87 173 79
171 87 169 84
152 87 152 78
148 87 147 82
132 87 132 80
125 87 123 84
108 87 106 84
102 87 101 82
94 87 94 80
81 87 80 83
55 87 52 85
47 87 47 78
12 87 12 76
8 87 6 85
184 86 182 83
179 86 179 76
174 86 174 78
158 86 157 83
151 86 149 83
144 86 144 77
138 86 138 77
105 86 105 75
95 86 95 79
92 86 92 79
88 86 86 84
85 86 84 83
74 86 73 81
70 86 68 84
67 86 65 84
61 86 59 84
58 86 56 83
51 86 48 84
43 86 41 83
33 86 32 82
22 86 20 84
5 86 5 78
1 86 0 83
188 85 188 77
181 85 180 82
166 85 164 83
162 85 162 76
160 85 159 81
140 85 140 74
137 85 135 82
131 85 129 83
121 85 119 83
115 85 113 83
112 85 112 76
98 85 97 81
64 85 63 81
44 85 44 74
38 85 37 80
35 85 35 75
31 85 30 80
10 85 9 80
4 85 2 82
198 84 198 73
195 84 192 82
172 84 172 73
155 84 153 81
142 85 141 80
127 84 127 75
109 84 109 73
100 84 99 81
90 84 90 74
83 84 83 74
77 84 77 77
55 84 53 82
52 84 52 75
46 84 45 79
36 84 36 73
28 84 27 79
24 84 23 80
18 84 18 75
16 84 15 79
8 84 6 81
178 83 176 81
175 83 175 73
171 83 168 81
167 83 167 73
145 83 145 75
128 84 128 73
126 83 123 81
108 83 106 80
88 83 86 80
79 83 78 80
70 83 68 81
67 83 65 80
62 83 59 81
51 83 48 81
40 83 40 72
26 83 26 76
21 83 20 79
13 83 13 72
187 82 186 78
184 82 182 80
166 82 164 80
158 82 156 79
151 82 149 80
131 82 129 80
121 82 119 80
117 82 117 75
115 82 113 79
111 82 110 79
85 82 84 78
81 82 80 78
71 82 71 72
58 82 56 79
42 82 41 78
22 83 22 73
11 82 11 74
1 82 0 78
199 81 199 70
196 81 193 79
181 81 180 77
163 81 163 70
146 81 146 74
137 81 134 79
133 81 133 70
122 81 122 74
118 81 118 72
116 81 116 73
101 81 101 71
93 81 93 70
72 81 72 73
55 81 53 78
43 82 43 74
33 81 32 78
29 81 29 73
19 81 19 73
4 81 2 79
192 80 191 75
178 80 176 77
170 80 168 77
161 80 159 77
155 80 153 77
147 81 147 71
139 80 139 71
126 80 123 78
104 80 102 77
100 80 98 78
97 80 97 69
74 80 73 75
70 80 68 78
64 80 62 78
61 80 59 78
51 80 49 78
48 80 48 69
8 80 6 78
197 79 197 68
184 79 182 77
171 80 171 72
166 79 164 76
151 79 149 76
143 79 141 76
132 79 130 76
129 79 129 69
121 79 119 76
107 79 106 74
96 79 96 69
94 79 94 68
89 79 86 77
78 79 78 71
75 79 75 68
67 79 65 77
39 79 37 77
34 79 34 72
31 79 30 74
25 79 23 77
10 79 9 76
196 78 194 76
193 78 193 70
189 78 189 69
173 78 173 70
137 78 134 76
115 78 113 76
110 78 110 68
108 79 108 70
95 78 95 69
92 78 91 74
58 78 56 76
46 78 45 74
20 78 20 67
15 78 15 70
4 78 2 75
187 77 185 75
174 77 174 69
156 77 156 66
152 77 152 67
126 77 123 75
111 78 111 67
100 77 98 75
85 77 84 72
81 77 79 74
70 77 68 75
63 77 60 75
59 77 59 67
55 77 53 75
51 77 49 74
47 77 47 69
42 77 41 73
33 77 32 74
21 78 21 69
17 77 16 73
14 77 14 67
8 77 6 75
5 77 5 68
1 77 0 74
190 76 190 67
188 76 188 65
184 76 181 74
180 76 180 67
178 76 176 74
170 76 168 74
157 78 157 68
154 76 153 72
144 76 144 67
138 76 138 65
104 76 102 73
88 76 86 73
82 76 82 69
77 76 76 71
67 76 64 74
39 76 37 73
25 76 23 74
196 75 194 73
179 75 179 67
166 75 164 73
162 75 160 73
155 76 155 68
143 75 141 73
137 75 134 73
121 75 119 72
115 75 113 73
112 75 112 65
89 76 89 68
58 75 56 72
26 75 26 65
10 75 9 71
191 74 191 63
186 74 185 69
150 74 148 71
145 74 145 67
130 74 130 63
127 74 124 72
123 74 123 67
117 74 117 65
105 74 105 63
99 74 98 69
74 74 73 69
70 74 68 71
63 74 61 72
60 74 60 64
55 74 52 72
35 74 35 63
28 75 27 70
18 74 18 63
8 74 6 72
4 74 2 71
192 74 192 63
184 73 182 71
181 73 181 63
178 73 176 70
170 73 168 70
159 73 158 68
151 75 151 64
146 73 146 62
140 73 140 65
132 75 131 70
122 73 122 63
107 73 106 69
100 74 100 66
92 73 90 71
83 73 83 65
79 73 79 64
67 73 64 71
51 73 49 71
46 73 43 71
33 73 30 71
24 73 23 68
12 73 11 69
1 73 0 68
198 72 198 61
195 72 194 68
187 72 187 61
175 72 175 64
172 72 172 61
167 72 164 70
162 72 160 70
143 72 141 70
137 72 135 70
134 72 134 65
128 72 128 65
116 72 114 70
113 72 113 64
109 72 109 63
88 72 86 69
81 72 80 67
72 72 72 65
42 72 41 68
38 72 36 69
29 72 29 64
25 73 25 65
22 72 22 65
19 72 19 65
17 72 16 67
196 72 196 64
171 71 171 64
154 71 153 67
127 71 124 69
121 71 119 69
118 71 118 61
85 71 84 68
71 71 71 63
63 71 61 68
56 71 53 69
52 71 52 63
40 71 39 68
34 71 34 60
13 71 13 64
8 71 6 68
184 70 182 67
150 70 147 68
139 70 139 59
102 70 101 65
92 70 90 67
78 70 76 67
70 70 67 68
65 70 64 66
58 71 57 67
51 70 49 68
46 70 44 68
33 70 31 68
30 70 30 63
10 70 9 65
2 70 2 60
199 69 199 62
193 69 193 62
178 69 176 66
173 69 173 59
170 69 167 67
166 69 164 67
163 69 161 67
160 69 160 61
142 69 141 65
135 69 135 62
132 69 131 65
116 69 114 66
108 69 108 59
93 69 93 62
66 69 66 58
28 69 27 64
15 69 15 62
4 70 3 65
189 68 189 61
185 68 185 60
174 68 174 61
136 69 136 58
133 68 133 57
129 68 129 57
127 68 125 66
124 68 124 57
120 68 119 63
107 68 106 64
104 68 103 63
99 68 97 66
96 68 95 64
88 68 86 65
82 68 82 61
74 68 73 64
56 68 54 65
53 68 53 59
48 68 47 64
43 68 43 57
38 68 36 66
21 68 21 61
12 68 11 64
197 67 197 58
194 67 194 57
186 68 186 57
159 67 157 64
155 67 155 58
149 67 147 64
137 69 137 59
121 68 121 59
110 67 110 56
94 67 94 57
89 67 89 58
85 67 84 62
70 67 68 65
67 67 67 59
63 67 61 64
51 67 49 65
44 67 44 57
42 67 39 65
33 67 31 64
24 67 23 63
8 67 5 65
1 67 0 63
195 67 195 57
190 66 190 55
184 66 182 63
180 66 179 61
170 66 167 64
166 66 163 64
154 66 152 63
150 67 150 56
145 66 143 64
123 66 123 58
111 66 111 59
92 66 90 63
81 66 80 62
78 66 75 64
59 66 57 63
46 67 45 63
20 66 20 57
17 66 16 61
14 66 14 57
178 65 176 63
156 65 156 55
127 65 125 63
116 65 114 62
100 65 98 63
97 65 97 57
65 65 64 61
38 65 36 63
161 64 161 53
142 64 140 62
138 64 138 55
134 64 134 54
132 64 131 60
128 64 128 53
117 64 117 56
112 64 112 55
102 64 101 60
88 64 86 61
83 64 83 57
72 64 72 55
69 64 68 60
51 64 49 61
42 64 39 62
26 64 25 61
22 64 22 53
19 64 19 57
10 64 8 62
7 64 4 62
3 64 3 57
196 63 196 54
175 63 175 56
171 63 168 61
167 63 164 61
162 64 162 53
158 63 157 58
151 63 151 52
149 63 147 60
145 63 143 60
113 63 113 55
106 63 106 52
96 63 95 60
79 63 76 61
75 63 73 60
70 64 70 55
63 63 61 61
60 63 60 52
48 63 47 59
33 63 31 60
29 63 27 61
13 63 11 60
192 62 191 59
184 62 181 60
178 62 176 60
159 63 159 52
153 62 152 57
130 62 130 55
126 62 125 58
122 62 122 54
120 62 119 59
109 62 109 55
107 63 107 54
105 62 103 59
100 62 98 59
92 62 90 60
71 62 71 54
59 62 57 60
56 62 54 59
52 62 52 54
45 62 45 51
38 62 36 60
35 62 35 54
30 62 30 55
24 62 23 58
18 62 18 54
1 62 0 58
199 61 199 53
193 61 193 54
154 61 154 50
146 61 146 53
142 61 140 59
135 61 135 54
127 61 127 50
116 61 114 59
93 61 93 51
85 61 84 56
81 61 80 58
42 61 40 59
39 61 39 51
15 61 15 51
8 61 5 59
4 61 4 51
189 60 187 58
180 60 179 56
174 60 174 53
172 60 170 58
169 60 166 58
165 60 163 58
160 60 160 49
118 60 118 52
88 60 86 58
82 60 82 53
79 60 77 58
65 60 63 58
62 60 61 56
51 60 49 58
29 60 26 58
25 60 25 51
21 60 21 51
17 60 16 56
10 61 9 56
185 59 183 57
182 59 181 55
178 59 176 57
149 59 147 56
145 59 143 56
132 59 131 55
102 59 101 55
96 59 95 55
92 59 90 57
76 59 74 57
69 59 68 56
59 59 57 57
38 59 36 57
34 59 31 57
13 59 11 56
2 59 2 49
192 58 191 54
173 58 173 50
142 58 140 56
139 58 139 51
137 58 137 49
121 58 119 55
116 58 114 56
111 58 111 49
108 58 108 51
105 58 103 55
100 58 98 55
73 58 73 47
67 58 67 50
56 58 53 56
47 58 46 54
41 58 40 53
8 58 6 56
5 58 5 47
198 57 197 53
189 57 187 55
171 57 168 55
167 57 165 55
164 57 163 53
158 57 157 54
155 57 155 47
126 57 125 53
123 57 123 46
89 57 86 55
81 57 79 55
78 57 77 53
66 57 64 55
63 57 63 48
51 57 49 55
48 58 48 48
42 58 42 49
29 57 27 55
26 57 26 50
24 57 23 52
1 57 0 54
195 56 194 52
186 56 183 54
178 56 176 54
172 57 172 48
153 56 152 52
133 56 133 47
129 56 129 45
124 56 124 48
97 56 97 49
94 56 94 49
92 56 90 54
83 56 83 47
76 56 74 53
59 56 57 53
44 56 43 52
38 56 36 54
34 56 31 54
20 56 19 51
14 56 14 49
3 56 3 49
180 55 179 50
175 55 175 47
150 55 148 53
147 55 147 44
145 55 142 53
136 55 136 44
117 55 115 53
110 55 110 47
85 55 84 51
69 55 68 52
62 55 61 51
56 55 53 53
17 55 16 51
13 55 10 53
9 55 7 53
190 54 187 52
182 54 181 50
171 54 169 52
168 54 165 52
156 54 156 46
140 54 140 43
138 54 138 46
132 54 130 52
121 54 119 52
114 54 112 52
109 54 109 43
105 54 102 52
101 54 99 52
98 54 98 46
96 54 95 51
89 54 86 52
81 54 79 52
72 54 72 43
70 54 70 43
66 54 64 51
51 54 49 51
30 54 28 52
27 54 27 45
6 54 6 43
196 53 196 44
193 53 191 51
186 53 183 51
178 53 176 50
158 53 157 48
141 53 141 42
135 53 134 49
122 53 122 46
107 53 107 43
92 53 90 50
71 53 71 43
52 53 52 44
47 53 46 49
38 53 35 51
18 53 18 45
1 53 0 49
199 52 197 50
174 52 174 45
164 52 161 50
150 52 148 49
146 52 144 50
143 52 142 48
128 52 128 41
126 52 125 47
117 52 115 49
82 52 82 45
78 52 75 50
74 52 74 44
59 52 57 50
56 52 54 50
53 52 53 42
41 52 40 49
34 53 32 50
22 52 22 44
12 52 9 50
8 52 7 48
195 51 194 46
190 51 188 49
171 51 168 49
167 51 165 49
159 51 159 44
153 51 151 49
132 51 130 49
121 51 118 49
112 51 112 44
106 51 103 49
102 51 99 49
89 51 86 49
81 51 79 49
69 51 68 47
60 51 60 44
44 51 43 47
31 51 29 49
28 51 28 41
23 51 23 41
13 52 13 43
193 50 191 48
187 50 185 48
139 50 139 42
108 50 108 43
96 50 95 47
93 50 93 43
85 50 84 46
66 50 64 47
62 50 61 46
51 50 49 47
45 50 45 43
39 50 37 48
36 50 35 47
25 50 24 46
21 50 19 47
17 50 15 48
4 50 4 39
199 49 197 47
183 49 180 47
177 49 176 44
173 49 173 42
164 49 161 47
154 49 154 40
146 49 144 47
127 49 127 39
91 49 90 44
77 49 75 46
67 49 67 40
59 49 57 47
56 49 54 46
34 49 32 47
26 49 26 40
12 49 10 47
9 49 9 42
190 48 188 46
184 49 184 38
179 49 178 44
171 48 169 46
165 48 165 40
160 48 160 38
153 48 150 46
149 48 148 44
137 48 137 37
135 48 134 44
132 48 130 46
118 48 115 46
111 48 111 38
106 48 103 46
102 48 100 46
99 48 99 38
97 48 97 40
94 48 94 40
92 49 92 41
89 48 86 46
81 48 79 46
78 49 78 41
47 48 46 44
42 48 40 45
31 48 29 46
14 48 14 41
3 48 1 46
0 48 0 37
193 47 191 44
187 47 185 45
172 47 172 39
168 48 166 45
158 47 157 43
143 47 142 43
124 47 124 36
121 48 119 45
63 47 63 38
48 47 48 38
38 47 37 42
17 47 15 44
7 47 7 39
198 46 197 42
181 46 180 41
175 46 175 36
164 46 162 44
161 46 161 39
155 46 155 39
146 46 144 43
133 46 133 39
126 46 125 41
114 46 113 41
110 46 110 38
96 46 95 42
83 46 83 37
69 46 68 41
66 46 64 44
59 46 57 44
51 46 49 44
44 46 43 41
35 46 32 44
21 46 19 43
11 46 10 41
8 47 8 37
5 46 5 38
199 46 199 38
190 45 188 42
182 46 182 35
171 45 169 43
156 45 156 38
153 45 151 43
150 45 150 38
138 45 138 34
132 45 130 43
123 45 122 41
118 45 116 43
115 45 115 38
106 45 104 43
103 45 100 43
98 45 98 37
89 45 87 43
86 45 84 42
81 45 79 43
77 45 75 42
62 45 61 42
56 45 54 43
39 45 39 34
36 46 36 36
31 45 29 43
25 45 24 42
12 45 12 34
3 45 1 43
195 44 194 39
187 44 185 42
183 46 183 36
174 44 174 37
168 44 166 41
121 44 119 41
82 44 82 36
73 44 73 33
27 44 27 34
18 44 18 37
196 43 196 33
193 43 191 41
179 43 177 41
176 43 176 34
164 43 162 40
159 43 159 36
148 43 147 39
136 43 134 41
129 43 129 32
112 43 112 34
91 43 90 38
74 43 74 36
65 43 64 38
60 43 57 41
52 43 50 41
47 43 46 39
35 43 32 41
22 43 22 36
17 43 15 41
171 42 169 39
157 42 157 32
153 42 151 40
146 42 144 40
143 42 142 39
140 42 140 32
132 42 130 40
118 42 116 40
109 42 106 40
105 42 103 40
102 42 100 39
93 42 93 35
89 42 87 40
81 42 79 40
72 42 70 40
66 43 66 33
56 42 54 39
49 42 49 31
45 42 45 35
40 42 40 31
31 42 29 40
21 42 19 40
13 42 13 35
6 42 6 34
3 42 1 39
198 41 197 36
190 41 187 39
186 41 185 38
173 41 173 32
149 41 149 30
141 41 141 34
139 41 139 33
96 41 95 37
86 41 84 38
75 41 75 30
62 41 61 37
53 41 53 32
41 43 41 32
38 41 37 38
25 41 24 36
9 41 9 31
193 40 191 38
181 40 179 38
178 40 177 35
168 40 166 38
158 40 158 29
134 40 134 29
128 40 128 32
126 40 125 36
123 40 121 37
119 40 119 29
114 40 113 36
92 40 92 33
78 40 76 37
60 40 58 38
57 40 57 33
52 40 50 37
44 40 42 37
35 40 33 38
32 40 32 32
28 40 28 33
23 40 23 31
17 40 15 38
14 40 14 32
11 40 10 35
165 39 162 37
154 39 151 37
146 39 144 37
132 39 130 36
120 40 120 30
116 39 116 30
109 39 106 37
105 39 103 36
97 39 97 28
94 39 94 29
88 39 87 35
81 39 79 37
72 39 70 37
69 39 67 36
31 39 29 37
26 39 26 30
20 39 19 34
195 38 194 35
190 38 187 36
172 38 170 36
161 38 161 31
155 38 155 29
147 38 147 28
143 38 142 33
135 38 135 27
133 38 133 30
127 38 127 29
118 38 117 33
102 38 100 35
89 38 89 27
56 38 54 35
47 38 46 34
21 39 21 30
7 38 7 31
4 38 2 36
1 38 1 30
199 37 199 28
193 37 191 35
185 37 184 32
181 37 179 35
169 37 167 35
166 37 166 28
160 37 160 30
156 37 156 29
150 37 150 28
148 38 148 29
136 40 136 29
115 37 115 30
111 37 110 33
99 37 99 29
91 37 90 33
86 37 84 35
65 37 63 35
60 37 58 35
48 37 48 30
38 37 37 33
35 37 33 35
16 37 15 33
5 37 5 26
186 37 186 26
174 36 174 27
165 36 163 34
162 36 162 27
154 36 151 34
146 36 144 34
137 36 137 25
109 36 107 33
106 36 106 29
98 36 98 26
96 36 95 33
83 36 83 28
81 36 79 34
78 36 76 34
72 36 70 34
62 36 61 31
52 36 50 34
44 36 42 34
31 36 29 34
18 36 17 32
8 36 8 29
0 36 0 25
198 35 197 31
190 35 187 33
183 35 183 27
175 35 175 28
172 35 170 32
159 35 159 28
132 35 130 32
126 35 123 33
114 35 113 30
105 35 103 33
82 35 82 28
74 35 74 28
69 35 67 33
36 35 36 28
25 35 24 30
22 35 22 28
4 35 2 33
195 34 193 32
192 34 191 31
182 34 180 32
179 34 177 32
169 34 167 31
121 34 121 23
102 34 100 31
93 34 93 25
87 34 84 32
65 34 63 31
60 34 58 32
56 34 54 32
45 34 45 26
35 34 33 32
13 34 13 25
11 34 10 30
176 33 176 26
164 33 163 28
154 33 152 31
151 33 151 25
146 33 144 31
141 33 141 26
138 33 138 22
122 34 122 23
112 33 112 22
81 33 79 31
78 33 76 30
71 33 70 28
52 33 50 31
47 33 46 28
44 33 42 31
39 33 39 24
31 33 29 30
27 33 27 22
20 33 19 30
12 33 12 22
6 33 6 22
196 32 196 25
190 32 188 30
187 32 187 25
165 33 165 24
143 32 142 27
139 32 139 23
126 32 123 30
118 32 117 28
111 32 108 30
105 32 103 30
96 32 95 27
92 32 90 30
73 32 72 27
69 32 67 30
66 32 66 25
57 32 57 23
38 32 37 28
28 32 28 24
16 32 15 29
4 32 2 30
195 31 193 29
185 31 184 27
182 31 180 29
179 31 177 29
173 31 171 29
170 31 170 22
157 31 157 23
140 31 140 24
132 31 129 29
128 31 128 24
88 31 86 29
85 31 84 27
59 31 58 26
56 31 54 29
53 31 53 22
41 31 41 23
35 31 33 29
32 31 32 24
18 31 17 28
14 31 14 24
197 30 197 23
192 30 191 26
169 30 167 27
161 30 161 20
154 30 152 28
146 30 144 28
107 30 107 19
102 30 100 28
81 30 79 28
65 30 62 28
60 31 60 21
52 30 50 28
49 30 49 20
44 30 42 28
23 30 23 22
9 30 9 23
7 30 7 23
190 29 188 27
160 29 160 20
149 29 149 20
133 29 133 20
126 29 123 27
120 29 120 20
116 29 114 27
113 29 113 22
111 29 109 27
108 29 108 19
105 29 103 27
92 29 90 27
76 29 75 24
69 29 67 26
61 30 61 20
48 29 48 20
31 29 29 26
26 29 24 26
21 29 19 26
11 29 10 24
4 29 1 27
195 28 193 26
182 28 179 26
178 28 177 23
173 28 171 26
158 28 158 21
156 28 155 23
148 28 148 17
132 28 130 26
129 28 129 17
127 28 127 21
119 28 119 20
106 28 106 17
99 28 99 17
94 28 94 19
88 28 86 26
78 28 77 23
56 28 54 25
40 28 40 17
35 28 33 25
16 28 15 24
8 28 8 17
199 27 198 22
175 27 175 19
166 27 166 20
164 27 163 23
159 27 159 19
154 27 152 25
150 27 150 20
147 27 144 25
117 27 117 16
102 27 100 25
83 27 80 25
79 27 79 18
74 27 74 19
71 27 70 23
63 27 62 22
52 27 50 24
47 27 46 24
44 27 42 25
38 27 36 25
22 27 22 20
18 27 17 23
190 26 188 23
184 26 183 22
174 26 174 16
169 26 167 24
162 26 162 19
142 26 142 17
136 26 134 23
123 26 123 16
118 27 118 16
116 26 114 24
111 26 109 24
104 26 103 21
97 26 95 24
92 26 90 24
85 26 84 21
73 26 72 22
65 27 64 22
4 26 1 24
195 25 192 23
186 25 185 21
182 25 180 23
179 25 179 14
176 25 176 17
173 25 171 23
143 26 143 15
141 25 141 17
132 25 130 23
105 26 105 16
98 25 98 15
89 25 86 23
69 25 67 22
59 25 58 22
45 25 45 15
31 25 29 23
26 25 24 23
21 25 19 23
196 24 196 17
187 24 187 14
154 24 152 22
151 24 151 16
147 24 144 22
137 24 137 13
102 24 100 22
93 24 93 17
83 24 80 22
66 24 66 15
56 24 54 21
44 24 42 21
38 24 36 22
34 24 33 20
13 24 13 17
5 24 5 13
0 24 0 16
169 23 167 20
165 23 165 16
140 23 140 15
128 23 128 16
116 23 114 21
110 23 109 19
97 23 95 20
92 23 90 21
76 23 75 19
52 23 50 21
47 23 46 19
39 23 39 16
35 24 35 15
32 23 32 15
28 23 28 14
16 23 14 21
11 23 10 19
4 23 2 21
1 23 1 12
197 22 197 13
194 22 191 20
190 22 188 20
182 22 180 19
178 22 177 18
172 22 171 18
164 22 163 19
157 22 155 19
139 22 139 12
134 22 134 13
130 22 130 11
125 22 124 17
122 22 121 17
111 23 111 12
89 22 87 19
86 22 86 14
78 22 77 19
70 22 70 12
57 22 57 11
41 22 41 15
30 22 29 17
26 22 24 19
21 22 19 20
18 22 17 18
9 22 9 15
7 22 7 12
195 22 195 11
184 21 183 18
173 22 173 14
170 21 170 12
154 21 152 18
147 21 145 19
144 21 144 11
135 22 135 13
126 22 126 11
113 21 112 16
102 21 100 19
83 21 80 19
73 21 71 18
69 21 67 19
64 21 62 18
59 21 58 17
53 21 53 13
38 21 36 19
31 22 31 12
27 21 27 11
23 21 23 14
12 21 12 14
6 21 6 14
198 20 198 9
186 20 185 16
158 20 158 13
127 20 127 12
115 20 114 15
104 20 103 16
92 20 90 17
85 20 84 15
65 20 65 9
60 20 60 12
56 20 54 17
52 20 50 18
44 20 42 18
15 20 14 15
4 20 2 18
199 21 199 10
194 19 191 17
190 19 188 17
169 19 166 17
161 19 160 14
150 19 149 15
133 19 131 16
120 19 119 15
116 20 116 11
97 19 95 16
61 19 61 12
49 19 48 14
34 19 33 14
22 19 20 17
16 20 16 9
180 18 180 8
175 18 175 9
164 18 162 16
159 18 159 9
156 18 155 14
147 18 145 16
110 18 107 16
102 18 100 15
94 18 94 10
88 18 87 13
83 18 80 16
78 18 75 16
74 18 74 8
69 18 67 15
47 18 46 13
38 18 36 15
26 18 24 15
11 18 10 13
184 17 181 15
178 17 177 14
172 17 171 13
157 18 157 8
154 17 152 14
79 17 79 6
73 17 71 15
64 17 62 15
52 17 50 15
44 17 42 15
19 17 17 15
4 17 2 15
196 16 196 5
193 16 190 14
188 16 188 9
176 16 176 9
169 16 167 14
166 16 166 9
148 16 148 5
142 16 141 12
129 16 129 5
125 16 124 13
122 16 121 12
93 16 91 14
59 16 58 12
56 16 54 13
40 16 40 6
30 16 29 11
22 16 20 14
13 16 13 5
8 16 8 9
194 16 194 8
189 16 189 5
186 15 185 11
174 15 174 5
165 15 163 13
162 15 162 8
151 15 151 5
147 15 145 13
138 15 138 4
133 15 131 13
128 15 128 8
123 15 123 6
118 15 117 10
112 15 112 4
110 15 107 13
106 15 103 13
97 15 95 13
89 15 89 4
83 15 80 13
78 15 76 13
75 15 75 8
39 15 39 6
0 15 0 4
184 14 182 12
181 14 181 6
150 14 149 9
143 14 143 3
140 14 140 3
120 14 119 10
115 14 113 11
101 14 98 12
90 16 90 6
84 14 84 7
73 14 71 11
69 14 67 12
66 14 66 3
64 14 62 11
52 14 50 12
45 14 43 12
42 14 41 10
38 14 36 12
35 14 35 3
32 14 32 3
26 14 24 11
18 14 17 10
15 14 14 9
9 14 9 4
4 14 2 11
193 13 191 11
190 13 190 2
187 13 187 2
179 13 177 11
173 13 173 5
169 13 167 11
161 13 160 9
156 13 153 11
152 13 152 5
102 14 102 6
91 13 91 6
86 13 85 9
49 13 48 9
34 13 33 9
28 13 28 4
23 13 21 11
20 13 19 9
12 13 12 5
6 13 6 2
197 12 197 5
172 12 171 8
165 12 163 9
158 12 158 5
146 12 145 7
137 12 135 10
134 12 132 10
131 12 131 3
125 12 124 9
110 12 107 10
106 12 103 10
97 12 95 9
93 13 92 8
88 12 87 9
83 12 80 10
78 12 76 10
56 12 54 10
53 12 53 4
47 12 46 9
11 12 10 8
5 12 5 1
184 11 182 9
170 11 170 2
147 12 147 1
142 11 141 7
139 11 139 0
127 11 127 0
122 11 121 6
101 11 99 9
98 11 98 0
70 11 67 9
61 11 59 9
58 11 58 0
52 11 50 8
45 11 43 8
36 11 36 0
31 11 31 0
7 11 7 1
1 11 1 1
195 10 195 0
193 10 191 7
186 10 185 7
179 10 177 8
169 10 167 8
156 10 154 8
153 10 153 0
144 10 144 0
130 10 130 0
116 10 114 8
113 10 113 0
73 10 71 8
64 10 62 8
57 10 57 3
38 10 37 5
30 10 29 6
27 10 24 8
23 10 21 8
3 10 2 5
137 9 135 7
134 9 132 7
120 9 117 7
111 9 109 7
108 9 105 7
104 9 103 5
94 9 94 0
83 9 81 7
80 9 80 0
78 9 76 6
56 9 54 7
42 9 41 5
18 9 17 5
4 10 4 1
199 8 198 4
188 8 188 0
184 8 182 6
176 8 175 3
166 8 163 6
161 8 159 5
150 8 149 3
126 8 124 5
101 8 99 6
96 8 95 4
88 8 85 6
70 8 67 6
61 8 59 5
49 8 46 6
33 8 33 0
20 8 19 5
16 8 14 6
8 8 8 0
194 7 194 0
180 7 178 5
177 7 177 0
172 7 171 2
169 7 167 5
162 7 162 0
157 7 154 5
128 7 128 0
116 7 114 4
75 7 73 4
72 7 71 4
65 7 62 5
52 7 50 4
45 7 43 5
23 7 21 4
11 7 10 4
193 6 191 3
186 6 185 1
146 6 145 1
142 6 141 2
137 6 135 4
134 6 132 3
120 6 117 4
111 6 109 4
108 6 105 4
84 6 81 4
56 6 54 3
27 7 25 4
184 5 181 3
166 5 163 3
123 5 121 2
102 5 99 3
93 5 90 3
88 5 86 3
79 5 76 3
70 5 67 3
49 5 47 3
40 5 39 0
30 5 29 0
16 5 14 3
197 4 196 0
180 4 178 1
174 4 173 0
169 4 167 2
161 4 158 2
157 4 154 2
152 4 151 0
126 4 124 2
104 4 103 0
65 4 62 2
61 4 59 2
46 4 44 2
43 4 41 2
38 4 37 0
20 4 18 1
13 4 12 0
3 4 2 1
199 3 198 0
137 3 135 0
119 3 116 1
115 3 114 0
112 3 110 0
109 3 107 0
106 3 105 0
97 3 95 0
85 3 82 1
75 3 72 1
53 3 50 1
28 3 26 0
25 3 22 1
11 3 9 0
193 2 191 0
184 2 181 0
166 2 163 0
150 2 148 0
134 2 131 0
102 2 99 0
93 2 90 0
89 2 86 0
79 2 76 0
71 2 69 0
68 2 66 0
57 2 54 0
49 2 47 0
17 2 14 0
172 1 167 0
161 1 156 0
143 1 140 0
126 1 121 0
65 1 60 0
46 1 41 0
7 0 0 0
